1631493790802	geckodriver	INFO	Listening on 127.0.0.1:51250
1631493793867	mozrunner::runner	INFO	Running command: "D:\\Program Files\\Firefox\\firefox.exe" "--marionette" "-foreground" "-no-remote" "-profile" "C:\\Users\\86131\\AppData\\Local\\Temp\\rust_mozprofilebjQEwu"
1631493794634	Marionette	INFO	Marionette enabled
console.warn: SearchSettings: "get: No settings file exists, new profile?" (new NotFoundError("Could not open the file at C:\\Users\\86131\\AppData\\Local\\Temp\\rust_mozprofilebjQEwu\\search.json.mozlz4", (void 0)))
1631493797491	Marionette	INFO	Listening on port 61863
1631493797626	Marionette	WARN	TLS certificate errors will be ignored for this session
JavaScript warning: https://webresource.c-ctrip.com/code/ubt/fp-em9.js, line 115: asm.js type error: arguments to a comparison must both be signed, unsigned, floats or doubles; double and fixnum are given
JavaScript error: resource://devtools/server/actors/network-monitor/network-event-actor.js, line 108: Error: Got a request https://qq-web-legacy.cdn-go.cn/any.ptlogin2.qq.com/v1.5.2/ptlogin/v4/style/theme/theme_2.css without a browsingContextID set
SourceActor threw an exception: [Exception... "Component returned failure code: 0x80470002 (NS_BASE_STREAM_CLOSED) [nsIInputStream.available]"  nsresult: "0x80470002 (NS_BASE_STREAM_CLOSED)"  location: "JS frame :: resource://devtools/shared/DevToolsUtils.js :: onResponse :: line 567"  data: no]
Stack: onResponse@resource://devtools/shared/DevToolsUtils.js:567:34
onStopRequest@resource://gre/modules/NetUtil.jsm:128:18
Line: 567, column: 0
console.error: ({})
SourceActor threw an exception: [Exception... "Component returned failure code: 0x80470002 (NS_BASE_STREAM_CLOSED) [nsIInputStream.available]"  nsresult: "0x80470002 (NS_BASE_STREAM_CLOSED)"  location: "JS frame :: resource://devtools/shared/DevToolsUtils.js :: onResponse :: line 567"  data: no]
Stack: onResponse@resource://devtools/shared/DevToolsUtils.js:567:34
onStopRequest@resource://gre/modules/NetUtil.jsm:128:18
Line: 567, column: 0
console.error: ({})
JavaScript error: resource://devtools/shared/DevToolsUtils.js, line 567: NS_BASE_STREAM_CLOSED: Component returned failure code: 0x80470002 (NS_BASE_STREAM_CLOSED) [nsIInputStream.available]
JavaScript error: resource://devtools/shared/DevToolsUtils.js, line 567: NS_BASE_STREAM_CLOSED: Component returned failure code: 0x80470002 (NS_BASE_STREAM_CLOSED) [nsIInputStream.available]
SourceActor threw an exception: [Exception... "Component returned failure code: 0x80470002 (NS_BASE_STREAM_CLOSED) [nsIInputStream.available]"  nsresult: "0x80470002 (NS_BASE_STREAM_CLOSED)"  location: "JS frame :: resource://devtools/shared/DevToolsUtils.js :: onResponse :: line 567"  data: no]
Stack: onResponse@resource://devtools/shared/DevToolsUtils.js:567:34
onStopRequest@resource://gre/modules/NetUtil.jsm:128:18
Line: 567, column: 0
console.error: ({})
JavaScript error: resource://devtools/shared/DevToolsUtils.js, line 567: NS_BASE_STREAM_CLOSED: Component returned failure code: 0x80470002 (NS_BASE_STREAM_CLOSED) [nsIInputStream.available]
console.log: WebExtensions: reset-default-search: starting.
console.log: WebExtensions: reset-default-search: No addons in our list are installed.

###!!! [Child][MessageChannel] Error: (msgtype=0x590008,name=PHttpChannel::Msg_DeletingChannel) Channel closing: too late to send/recv, messages will be lost

1631494786223	Marionette	INFO	Stopped listening on port 61863

###!!! [Child][RunMessage] Error: Channel closing: too late to send/recv, messages will be lost

ole.warn: SearchSettings: "get: No settings file exists, new profile?" (new NotFoundError("Could not open the file at C:\\Users\\86131\\AppData\\Local\\Temp\\rust_mozprofilegzftXp\\search.json.mozlz4", (void 0)))
1631494316618	Marionette	INFO	Listening on port 55056
1631494316827	Marionette	WARN	TLS certificate errors will be ignored for this session
JavaScript warning: https://webresource.c-ctrip.com/code/ubt/fp-em9.js, line 115: asm.js type error: arguments to a comparison must both be signed, unsigned, floats or doubles; double and fixnum are given

###!!! [Child][MessageChannel] Error: (msgtype=0x590008,name=PHttpChannel::Msg_DeletingChannel) Channel closing: too late to send/recv, messages will be lost

1631494660599	Marionette	INFO	Stopped listening on port 55056

###!!! [Child][RunMessage] Error: Channel closing: too late to send/recv, messages will be lost

1631494820643	geckodriver	INFO	Listening on 127.0.0.1:56160
1631494823664	mozrunner::runner	INFO	Running command: "D:\\Program Files\\Firefox\\firefox.exe" "--marionette" "-foreground" "-no-remote" "-profile" "C:\\Users\\86131\\AppData\\Local\\Temp\\rust_mozprofile4CkG81"
1631494824002	Marionette	INFO	Marionette enabled
console.warn: SearchSettings: "get: No settings file exists, new profile?" (new NotFoundError("Could not open the file at C:\\Users\\86131\\AppData\\Local\\Temp\\rust_mozprofile4CkG81\\search.json.mozlz4", (void 0)))
1631494827892	Marionette	INFO	Listening on port 56171
1631494827988	Marionette	WARN	TLS certificate errors will be ignored for this session
console.warn: LoginRecipes: "getRecipes: falling back to a synchronous message for:" "https://www.ctrip.com"
SourceActor threw an exception: [Exception... "Component returned failure code: 0x80470002 (NS_BASE_STREAM_CLOSED) [nsIInputStream.available]"  nsresult: "0x80470002 (NS_BASE_STREAM_CLOSED)"  location: "JS frame :: resource://devtools/shared/DevToolsUtils.js :: onResponse :: line 567"  data: no]
Stack: onResponse@resource://devtools/shared/DevToolsUtils.js:567:34
onStopRequest@resource://gre/modules/NetUtil.jsm:128:18
Line: 567, column: 0
console.error: ({})
JavaScript error: resource://devtools/shared/DevToolsUtils.js, line 567: NS_BASE_STREAM_CLOSED: Component returned failure code: 0x80470002 (NS_BASE_STREAM_CLOSED) [nsIInputStream.available]
JavaScript error: resource://devtools/server/actors/network-monitor/network-event-actor.js, line 108: Error: Got a request https://webresource.ctrip.com/ResTrainOnline/R1/TrainBooking/CSS/cityUC.css without a browsingContextID set
console.log: WebExtensions: reset-default-search: starting.
console.log: WebExtensions: reset-default-search: No addons in our list are installed.
1631495473742	Marionette	INFO	Stopped listening on port 56171

###!!! [Child][RunMessage] Error: Channel closing: too late to send/recv, messages will be lost

 enabled
console.warn: SearchSettings: "get: No settings file exists, new profile?" (new NotFoundError("Could not open the file at C:\\Users\\86131\\AppData\\Local\\Temp\\rust_mozprofiletQY55A\\search.json.mozlz4", (void 0)))
1631495015552	Marionette	INFO	Listening on port 64542
1631495015830	Marionette	WARN	TLS certificate errors will be ignored for this session
JavaScript error: https://you.ctrip.com/place/xian7.html#ctm_ref=www_hp_bs_lst, line 2702: ReferenceError: InsurancePrice is not defined
JavaScript warning: https://webresource.c-ctrip.com/ares2/vacation/vacation-home/1.7.3/default/js/vendor-3e1c37.js, line 1: unreachable code after return statement
JavaScript warning: https://webresource.c-ctrip.com/ares2/vacation/vacation-home/1.7.3/default/js/vendor-3e1c37.js, line 1: unreachable code after return statement
SourceActor threw an exception: [Exception... "Component returned failure code: 0x80470002 (NS_BASE_STREAM_CLOSED) [nsIInputStream.available]"  nsresult: "0x80470002 (NS_BASE_STREAM_CLOSED)"  location: "JS frame :: resource://devtools/shared/DevToolsUtils.js :: onResponse :: line 567"  data: no]
Stack: onResponse@resource://devtools/shared/DevToolsUtils.js:567:34
onStopRequest@resource://gre/modules/NetUtil.jsm:128:18
Line: 567, column: 0
console.error: ({})
JavaScript error: resource://devtools/shared/DevToolsUtils.js, line 567: NS_BASE_STREAM_CLOSED: Component returned failure code: 0x80470002 (NS_BASE_STREAM_CLOSED) [nsIInputStream.available]
JavaScript warning: https://webresource.c-ctrip.com/ares2/vacation/vacation-tour/1.10.3/default/js/vendor-08638e.js, line 1: unreachable code after return statement
JavaScript warning: https://webresource.c-ctrip.com/ares2/vacation/vacation-tour/1.10.3/default/js/vendor-08638e.js, line 1: unreachable code after return statement
SourceActor threw an exception: [Exception... "Component returned failure code: 0x80470002 (NS_BASE_STREAM_CLOSED) [nsIInputStream.available]"  nsresult: "0x80470002 (NS_BASE_STREAM_CLOSED)"  location: "JS frame :: resource://devtools/shared/DevToolsUtils.js :: onResponse :: line 567"  data: no]
Stack: onResponse@resource://devtools/shared/DevToolsUtils.js:567:34
onStopRequest@resource://gre/modules/NetUtil.jsm:128:18
Line: 567, column: 0
console.error: ({})
JavaScript error: resource://devtools/shared/DevToolsUtils.js, line 567: NS_BASE_STREAM_CLOSED: Component returned failure code: 0x80470002 (NS_BASE_STREAM_CLOSED) [nsIInputStream.available]
SourceActor threw an exception: [Exception... "Component returned failure code: 0x80470002 (NS_BASE_STREAM_CLOSED) [nsIInputStream.available]"  nsresult: "0x80470002 (NS_BASE_STREAM_CLOSED)"  location: "JS frame :: resource://devtools/shared/DevToolsUtils.js :: onResponse :: line 567"  data: no]
Stack: onResponse@resource://devtools/shared/DevToolsUtils.js:567:34
onStopRequest@resource://gre/modules/NetUtil.jsm:128:18
Line: 567, column: 0
console.error: ({})
JavaScript error: resource://devtools/shared/DevToolsUtils.js, line 567: NS_BASE_STREAM_CLOSED: Component returned failure code: 0x80470002 (NS_BASE_STREAM_CLOSED) [nsIInputStream.available]
JavaScript error: resource://devtools/shared/protocol/Front.js, line 103: Error: Connection closed, pending request to server0.conn2.child4/domnode75, type setNodeValue failed

Request stack:
request@resource://devtools/shared/protocol/Front.js:292:14
generateRequestMethods/</frontProto[name]@resource://devtools/shared/protocol/Front/FrontClassWithSpec.js:46:19
showTextEditor/done/</<@resource://devtools/client/inspector/markup/views/text-editor.js:101:25
do@resource://devtools/client/shared/undo.js:70:16
endBatch@resource://devtools/client/shared/undo.js:81:11
do@resource://devtools/client/shared/undo.js:93:10
showTextEditor/done/<@resource://devtools/client/inspector/markup/views/text-editor.js:99:31
process@resource://gre/modules/Promise-backend.js:961:38
walkerLoop@resource://gre/modules/Promise-backend.js:845:29
Promise*scheduleWalkerLoop@resource://gre/modules/Promise-backend.js:775:19
schedulePromise@resource://gre/modules/Promise-backend.js:809:12
completePromise@resource://gre/modules/Promise-backend.js:741:12

1631495472831	Marionette	INFO	Stopped listening on port 64542

###!!! [Child][RunMessage] Error: Channel closing: too late to send/recv, messages will be lost

1631495475583	geckodriver	INFO	Listening on 127.0.0.1:64899
1631495478627	mozrunner::runner	INFO	Running command: "D:\\Program Files\\Firefox\\firefox.exe" "--marionette" "-foreground" "-no-remote" "-profile" "C:\\Users\\86131\\AppData\\Local\\Temp\\rust_mozprofile6VCYDP"
1631495478924	Marionette	INFO	Marionette enabled
console.warn: SearchSettings: "get: No settings file exists, new profile?" (new NotFoundError("Could not open the file at C:\\Users\\86131\\AppData\\Local\\Temp\\rust_mozprofile6VCYDP\\search.json.mozlz4", (void 0)))
1631495483285	Marionette	INFO	Listening on port 64908
1631495483467	Marionette	WARN	TLS certificate errors will be ignored for this session

###!!! [Child][MessageChannel] Error: (msgtype=0x590008,na1631495591988	mozrunner::runner	INFO	Running command: "D:\\Program Files\\Firefox\\firefox.exe" "--marionette" "-foreground" "-no-remote" "-profile" "C:\\Users\\86131\\AppData\\Local\\Temp\\rust_mozprofile0bAn5u"
1631495592286	Marionette	INFO	Marionette enabled
console.warn: SearchSettings: "get: No settings file exists, new profile?" (new NotFoundError("Could not open the file at C:\\Users\\86131\\AppData\\Local\\Temp\\rust_mozprofile0bAn5u\\search.json.mozlz4", (void 0)))
1631495596712	Marionette	INFO	Listening on port 65106
1631495596857	Marionette	WARN	TLS certificate errors will be ignored for this session
1631495821214	Marionette	INFO	Stopped listening on port 65106

###!!! [Child][RunMessage] Error: Channel closing: too late to send/recv, messages will be lost

nette" "-foreground" "-no-remote" "-profile" "C:\\Users\\86131\\AppData\\Local\\Temp\\rust_mozprofileZpFCmw"
1631495774837	Marionette	INFO	Marionette enabled
console.warn: SearchSettings: "get: No settings file exists, new profile?" (new NotFoundError("Could not open the file at C:\\Users\\86131\\AppData\\Local\\Temp\\rust_mozprofileZpFCmw\\search.json.mozlz4", (void 0)))
1631495779286	Marionette	INFO	Listening on port 65326
1631495779384	Marionette	WARN	TLS certificate errors will be ignored for this session
1631495820319	Marionette	INFO	Stopped listening on port 65326
1631495823014	geckodriver	INFO	Listening on 127.0.0.1:65481
1631495826092	mozrunner::runner	INFO	Running command: "D:\\Program Files\\Firefox\\firefox.exe" "--marionette" "-foreground" "-no-remote" "-profile" "C:\\Users\\86131\\AppData\\Local\\Temp\\rust_mozprofile1buJMb"
1631495826427	Marionette	INFO	Marionette enabled
console.warn: SearchSettings: "get: No settings file exists, new profile?" (new NotFoundError("Could not open the file at C:\\Users\\86131\\AppData\\Local\\Temp\\rust_mozprofile1buJMb\\search.json.mozlz4", (void 0)))
1631495830780	Marionette	INFO	Listening on port 65491
1631495830920	Marionette	WARN	TLS certificate errors will be ignored for this session

###!!! [Child][MessageChannel] Error: (msgtype=0x590008,name=PHttpChannel::Msg_DeletingChannel) Channel closing: too late to send/recv, messages will be lost

1631496124418	Marionette	INFO	Stopped listening on port 65491

###!!! [Child][RunMessage] Error: Channel closing: too late to send/recv, messages will be lost

ole.warn: SearchSettings: "get: No settings file exists, new profile?" (new NotFoundError("Could not open the file at C:\\Users\\86131\\AppData\\Local\\Temp\\rust_mozprofileKU0Pvq\\search.json.mozlz4", (void 0)))
1631495892816	Marionette	INFO	Listening on port 49242
1631495892970	Marionette	WARN	TLS certificate errors will be ignored for this session
SourceActor threw an exception: [Exception... "Component returned failure code: 0x80470002 (NS_BASE_STREAM_CLOSED) [nsIInputStream.available]"  nsresult: "0x80470002 (NS_BASE_STREAM_CLOSED)"  location: "JS frame :: resource://devtools/shared/DevToolsUtils.js :: onResponse :: line 567"  data: no]
Stack: onResponse@resource://devtools/shared/DevToolsUtils.js:567:34
onStopRequest@resource://gre/modules/NetUtil.jsm:128:18
Line: 567, column: 0
console.error: ({})
JavaScript error: resource://devtools/shared/DevToolsUtils.js, line 567: NS_BASE_STREAM_CLOSED: Component returned failure code: 0x80470002 (NS_BASE_STREAM_CLOSED) [nsIInputStream.available]
JavaScript error: resource://devtools/server/actors/network-monitor/network-event-actor.js, line 108: Error: Got a request https://webresource.ctrip.com/ResTrainOnline/R1/TrainBooking/CSS/cityUC.css without a browsingContextID set
JavaScript error: resource://devtools/shared/protocol/Front.js, line 103: Error: Connection closed, pending request to server0.conn0.child4/domnode197, type setNodeValue failed

Request stack:
request@resource://devtools/shared/protocol/Front.js:292:14
generateRequestMethods/</frontProto[name]@resource://devtools/shared/protocol/Front/FrontClassWithSpec.js:46:19
showTextEditor/done/</<@resource://devtools/client/inspector/markup/views/text-editor.js:101:25
do@resource://devtools/client/shared/undo.js:70:16
endBatch@resource://devtools/client/shared/undo.js:81:11
do@resource://devtools/client/shared/undo.js:93:10
showTextEditor/done/<@resource://devtools/client/inspector/markup/views/text-editor.js:99:31
process@resource://gre/modules/Promise-backend.js:961:38
walkerLoop@resource://gre/modules/Promise-backend.js:845:29
Promise*scheduleWalkerLoop@resource://gre/modules/Promise-backend.js:775:19
schedulePromise@resource://gre/modules/Promise-backend.js:809:12
completePromise@resource://gre/modules/Promise-backend.js:741:12

[Child 21580, IPC I/O Child] WARNING: pipe error: 232: file /builds/worker/checkouts/gecko/ipc/chromium/src/chrome/common/ipc_channel_win.cc:544
1631496029825	Marionette	INFO	Stopped listening on port 49242
10.3/default/js/vendor-08638e.js, line 1: unreachable code after return statement
1631496027719	Marionette	INFO	Stopped listening on port 49400

###!!! [Child][RunMessage] Error: Channel closing: too late to send/recv, messages will be lost

1631496031626	geckodriver	INFO	Listening on 127.0.0.1:49837
1631496034671	mozrunner::runner	INFO	Running command: "D:\\Program Files\\Firefox\\firefox.exe" "--marionette" "-foreground" "-no-remote" "-profile" "C:\\Users\\86131\\AppData\\Local\\Temp\\rust_mozprofileV79NXx"
1631496034992	Marionette	INFO	Marionette enabled
console.warn: SearchSettings: "get: No settings file exists, new profile?" (new NotFoundError("Could not open the file at C:\\Users\\86131\\AppData\\Local\\Temp\\rust_mozprofileV79NXx\\search.json.mozlz4", (void 0)))
1631496039130	Marionette	INFO	Listening on port 49845
1631496039514	Marionette	WARN	TLS certificate errors will be ignored for this session
JavaScript warning: https://webresource.c-ctrip.com/ares2/vacation/vacation-home/1.7.3/default/js/vendor-3e1c37.js, line 1: unreachable code after return statement
JavaScript warning: https://webresource.c-ctrip.com/ares2/vacation/vacation-home/1.7.3/default/js/vendor-3e1c37.js, line 1: unreachable code after return statement
JavaScript warning: https://webresource.c-ctrip.com/ares2/vacation/vacation-tour/1.10.3/default/js/vendor-08638e.js, line 1: unreachable code after return statement
JavaScript warning: https://webresource.c-ctrip.com/ares2/vacation/vacation-tour/1.10.3/default/js/vendor-08638e.js, line 1: unreachable code after return statement
SourceActor threw an exception: [Exception... "Component returned failure code: 0x80470002 (NS_BASE_STREAM_CLOSED) [nsIInputStream.available]"  nsresult: "0x80470002 (NS_BASE_STREAM_CLOSED)"  location: "JS frame :: resource://devtools/shared/DevToolsUtils.js :: onResponse :: line 567"  data: no]
Stack: onResponse@resource://devtools/shared/DevToolsUtils.js:567:34
onStopRequest@resource://gre/modules/NetUtil.jsm:128:18
Line: 567, column: 0
console.error: ({})
JavaScript error: resource://devtools/shared/DevToolsUtils.js, line 567: NS_BASE_STREAM_CLOSED: Component returned failure code: 0x80470002 (NS_BASE_STREAM_CLOSED) [nsIInputStream.available]
JavaScript error: resource://devtools/server/actors/style-rule.js, line 157: TypeError: InspectorUtils.hasRulesModifiedByCSSOM: Argument 1 does not implement interface CSSStyleSheet.
console.error: "Error while calling actor 'pagestyle's method 'getApplied'" "InspectorUtils.hasRulesModifiedByCSSOM: Argument 1 does not implement interface CSSStyleSheet."
console.error: (new TypeError("InspectorUtils.hasRulesModifiedByCSSOM: Argument 1 does not implement interface CSSStyleSheet.", "resource://devtools/server/actors/style-rule.js", 157))
console.error: "Error while calling actor 'pagestyle's method 'getApplied'" "InspectorUtils.hasRulesModifiedByCSSOM: Argument 1 does not implement interface CSSStyleSheet."
console.error: (new TypeError("InspectorUtils.hasRulesModifiedByCSSOM: Argument 1 does not implement interface CSSStyleSheet.", "resource://devtools/server/actors/style-rule.js", 157))
console.error: (new Error("Protocol error (TypeError): InspectorUtils.hasRulesModifiedByCSSOM: Argument 1 does not implement interface CSSStyleSheet. from: server0.conn0.child4/pagestyle24 (resource://devtools/server/actors/style-rule.js:157:25)", "resource://devtools/shared/protocol/Front.js", 365))
console.error: (new Error("Protocol error (TypeError): InspectorUtils.hasRulesModifiedByCSSOM: Argument 1 does not implement interface CSSJavaScript warning: https://webresource.c-ctrip.com/ares2/vacation/vacation-home/1.7.3/default/js/vendor-3e1c37.js, line 1: unreachable code after return statement
JavaScript warning: https://webresource.c-ctrip.com/ares2/vacation/vacation-home/1.7.3/default/js/vendor-3e1c37.js, line 1: unreachable code after return statement
console.error: "Error while calling actor 'layout's method 'getGrids'" "node is null"
console.error: (new TypeError("node is null", "resource://devtools/server/actors/layout.js", 502))
console.warn: LoginRecipes: "getRecipes: falling back to a synchronous message for:" "https://vacations.ctrip.com"
console.warn: LoginRecipes: "getRecipes: falling back to a synchronous message for:" "https://vacations.ctrip.com"
console.error: (new TypeError("container.node.targetFront is null", "resource://devtools/client/inspector/markup/markup.js", 2309))
console.log: WebExtensions: reset-default-search: starting.
console.log: WebExtensions: reset-default-search: No addons in our list are installed.
SourceActor threw an exception: [Exception... "Failed to open input source 'javascript:;'"  nsresult: "0x80040111 (NS_ERROR_NOT_AVAILABLE)"  location: "JS frame :: resource://devtools/shared/DevToolsUtils.js :: mainThreadFetch/< :: line 670"  data: yes]
Stack: mainThreadFetch/<@resource://devtools/shared/DevToolsUtils.js:670:15
mainThreadFetch@resource://devtools/shared/DevToolsUtils.js:516:10
_fetchURLContents@resource://devtools/server/actors/utils/sources-manager.js:439:22
urlContents@resource://devtools/server/actors/utils/sources-manager.js:406:17
_resurrectSource@resource://devtools/server/actors/thread.js:2156:35
addAllSources@resource://devtools/server/actors/thread.js:1509:14
watch@resource://devtools/server/actors/resources/sources.js:52:17
watchResources@resource://devtools/server/actors/resources/index.js:235:19
_watchTargetResources@resource://devtools/server/actors/targets/target-actor-mixin.js:156:24
addWatcherDataEntry@resource://devtools/server/actors/targets/target-actor-mixin.js:47:20
_addWatcherDataEntry@resource://devtools/server/connectors/js-window-actor/DevToolsFrameChild.jsm:480:24
receiveMessage@resource://devtools/server/connectors/js-window-actor/DevToolsFrameChild.jsm:422:21
Line: 670, column: 0
console.error: ({})
JavaScript error: resource://devtools/shared/DevToolsUtils.js, line 670: NS_ERROR_NOT_AVAILABLE: Failed to open input source 'javascript:;'
JavaScript error: resource://devtools/server/actors/network-monitor/network-event-actor.js, line 108: Error: Got a request https://webresource.ctrip.com/ResTrainOnline/R1/TrainBooking/CSS/cityUC.css without a browsingContextID set
SourceActor threw an exception: [Exception... "Component returned failure code: 0x80470002 (NS_BASE_STREAM_CLOSED) [nsIInputStream.available]"  nsresult: "0x80470002 (NS_BASE_STREAM_CLOSED)"  location: "JS frame :: resource://devtools/shared/DevToolsUtils.js :: onResponse :: line 567"  data: no]
Stack: onResponse@resource://devtools/shared/DevToolsUtils.js:567:34
onStopRequest@resource://gre/modules/NetUtil.jsm:128:18
Line: 567, column: 0
console.error: ({})
JavaScript error: resource://devtools/shared/DevToolsUtils.js, line 567: NS_BASE_STREAM_CLOSED: Component returned failure code: 0x80470002 (NS_BASE_STREAM_CLOSED) [nsIInputStream.available]
1631497459306	Marionette	INFO	Stopped listening on port 50069

###!!! [Child][RunMessage] Error: Channel closing: too late to send/recv, messages will be lost

eError("node is null", "resource://devtools/server/actors/layout.js", 502))
console.error: "Error while calling actor 'layout's method 'getGrids'" "node is null"
console.error: (new TypeError("node is null", "resource://devtools/server/actors/layout.js", 502))

###!!! [Child][MessageChannel] Error: (msgtype=0x590008,name=PHttpChannel::Msg_DeletingChannel) Channel closing: too late to send/recv, messages will be lost

1631496296511	Marionette	INFO	Stopped listening on port 49845

###!!! [Child][RunMessage] Error: Channel closing: too late to send/recv, messages will be lost

1631496514681	geckodriver	INFO	Listening on 127.0.0.1:50649
1631496517713	mozrunner::runner	INFO	Running command: "D:\\Program Files\\Firefox\\firefox.exe" "--marionette" "-foreground" "-no-remote" "-profile" "C:\\Users\\86131\\AppData\\Local\\Temp\\rust_mozprofileqNdUGa"
1631496518029	Marionette	INFO	Marionette enabled
console.warn: SearchSettings: "get: No settings file exists, new profile?" (new NotFoundError("Could not open the file at C:\\Users\\86131\\AppData\\Local\\Temp\\rust_mozprofileqNdUGa\\search.json.mozlz4", (void 0)))
1631496522502	Marionette	INFO	Listening on port 50657
1631496523020	Marionette	WARN	TLS certificate errors will be ignored for this session
JavaScript warning: https://webresource.c-ctrip.com/ares2/vacation/vacation-home/1.7.3/default/js/vendor-3e1c37.js, line 1: unreachable code after return statement
JavaScript warning: https://webresource.c-ctrip.com/ares2/vacation/vacation-home/1.7.3/default/js/vendor-3e1c37.js, line 1: unreachable code after return statement
JavaScript error: https://vacations.ctrip.com/list/freetravel/sc1.html?from=do&st=%E5%8D%97%E4%BA%AC&sv=%E5%8D%97%E4%BA%AC&startcity=1, line 7: TypeError: document.body is null
JavaScript warning: https://webresource.c-ctrip.com/ares2/vacation/vacation-list/1.3.17/default/js/vendor-2ae98d.js, line 1: unreachable code after return statement
JavaScript warning: https://webresource.c-ctrip.com/ares2/vacation/vacation-list/1.3.17/default/js/vendor-2ae98d.js, line 1: unreachable code after return statement
1631496632364	Marionette	INFO	Stopped listening on port 50657

###!!! [Child][RunMessage] Error: Channel closing: too late to send/recv, messages will be lost

nette" "-foreground" "-no-remote" "-profile" "C:\\Users\\86131\\AppData\\Local\\Temp\\rust_mozprofilefNz2Rf"
1631496575807	Marionette	INFO	Marionette enabled
console.warn: SearchSettings: "get: No settings file exists, new profile?" (new NotFoundError("Could not open the file at C:\\Users\\86131\\AppData\\Local\\Temp\\rust_mozprofilefNz2Rf\\search.json.mozlz4", (void 0)))
1631496579955	Marionette	INFO	Listening on port 50838
1631496580311	Marionette	WARN	TLS certificate errors will be ignored for this session
JavaScript warning: https://webresource.c-ctrip.com/ares2/vacation/vacation-home/1.7.3/default/js/vendor-3e1c37.js, line 1: unreachable code after return statement
JavaScript warning: https://webresource.c-ctrip.com/ares2/vacation/vacation-home/1.7.3/default/js/vendor-3e1c37.js, line 1: unreachable code after return statement
JavaScript warning: https://webresource.c-ctrip.com/ares2/vacation/vacation-tour/1.10.3/default/js/vendor-08638e.js, line 1: unreachable code after return statement
JavaScript warning: https://webresource.c-ctrip.com/ares2/vacation/vacation-tour/1.10.3/default/js/vendor-08638e.js, line 1: unreachable code after return statement
SourceActor threw an exception: [Exception... "Component returned failure code: 0x80470002 (NS_BASE_STREAM_CLOSED) [nsIInputStream.available]"  nsresult: "0x80470002 (NS_BASE_STREAM_CLOSED)"  location: "JS frame :: resource://devtools/shared/DevToolsUtils.js :: onResponse :: line 567"  data: no]
Stack: onResponse@resource://devtools/shared/DevToolsUtils.js:567:34
onStopRequest@resource://gre/modules/NetUtil.jsm:128:18
Line: 567, column: 0
console.error: ({})
JavaScript error: resource://devtools/shared/DevToolsUtils.js, line 567: NS_BASE_STREAM_CLOSED: Component returned failure code: 0x80470002 (NS_BASE_STREAM_CLOSED) [nsIInputStream.available]
console.log: WebExtensions: reset-default-search: starting.
console.log: WebExtensions: reset-default-search: No addons in our list are installed.
JavaScript error: resource://devtools/shared/protocol/Front.js, line 103: Error: Connection closed, pending request to server0.conn0.child4/domnode81, type setNodeValue failed

Request stack:
request@resource://devtools/shared/protocol/Front.js:292:14
generateRequestMethods/</frontProto[name]@resource://devtools/shared/protocol/Front/FrontClassWithSpec.js:46:19
showTextEditor/done/</<@resource://devtools/client/inspector/markup/views/text-editor.js:101:25
do@resource://devtools/client/shared/undo.js:70:16
endBatch@resource://devtools/client/shared/undo.js:81:11
do@resource://devtools/client/shared/undo.js:93:10
showTextEditor/done/<@resource://devtools/client/inspector/markup/views/text-editor.js:99:31
process@resource://gre/modules/Promise-backend.js:961:38
walkerLoop@resource://gre/modules/Promise-backend.js:845:29
Promise*scheduleWalkerLoop@resource://gre/modules/Promise-backend.js:775:19
schedulePromise@resource://gre/modules/Promise-backend.js:809:12
completePromise@resource://gre/modules/Promise-backend.js:741:12

[Child 24584, IPC I/O Child] WARNING: pipe error: 232: file /builds/worker/checkouts/gecko/ipc/chromium/src/chrome/common/ipc_channel_win.cc:544
1631497301352	Marionette	INFO	Stopped listening on port 50838
ttpChannel::Msg_DeletingChannel) Channel closing: too late to send/recv, messages will be lost

1631496703256	Marionette	INFO	Stopped listening on port 51067

###!!! [Child][RunMessage] Error: Channel closing: too late to send/recv, messages will be lost

1631496704799	geckodriver	INFO	Listening on 127.0.0.1:51278
1631496707831	mozrunner::runner	INFO	Running command: "D:\\Program Files\\Firefox\\firefox.exe" "--marionette" "-foreground" "-no-remote" "-profile" "C:\\Users\\86131\\AppData\\Local\\Temp\\rust_mozprofilelf7DJW"
1631496708178	Marionette	INFO	Marionette enabled
console.warn: SearchSettings: "get: No settings file exists, new profile?" (new NotFoundError("Could not open the file at C:\\Users\\86131\\AppData\\Local\\Temp\\rust_mozprofilelf7DJW\\search.json.mozlz4", (void 0)))
1631496712560	Marionette	INFO	Listening on port 51287
1631496712672	Marionette	WARN	TLS certificate errors will be ignored for this session
JavaScript warning: https://webresource.c-ctrip.com/ares2/vacation/vacation-home/1.7.3/default/js/vendor-3e1c37.js, line 1: unreachable code after return statement
JavaScript warning: https://webresource.c-ctrip.com/ares2/vacation/vacation-home/1.7.3/default/js/vendor-3e1c37.js, line 1: unreachable code after return statement
JavaScript warning: https://webresource.c-ctrip.com/ares2/vacation/vacation-tour/1.10.3/default/js/vendor-08638e.js, line 1: unreachable code after return statement
JavaScript warning: https://webresource.c-ctrip.com/ares2/vacation/vacation-tour/1.10.3/default/js/vendor-08638e.js, line 1: unreachable code after return statement

###!!! [Child][MessageChannel] Error: (msgtype=0x590008,name=PHttpChannel::Msg_DeletingChannel) Channel closing: too late to send/recv, messages will be lost

1631496787584	Marionette	INFO	Stopped listening on port 51287

###!!! [Child][RunMessage] Error: Channel closing: too late to send/recv, messages will be lost

1631496789383	geckodriver	INFO	Listening on 127.0.0.1:51496
1631496792430	mozrunner::runner	INFO	Running command: "D:\\Program Files\\Firefox\\firefox.exe" "--marionette" "-foreground" "-no-remote" "-profile" "C:\\Users\\86131\\AppData\\Local\\Temp\\rust_mozprofilenCTr9b"
1631496792770	Marionette	INFO	Marionette enabled
console.warn: SearchSettings: "get: No settings file exists, new profile?" (new NotFoundError("Could not open the file at C:\\Users\\86131\\AppData\\Local\\Temp\\rust_mozprofilenCTr9b\\search.json.mozlz4", (void 0)))
1631496797504	Marionette	INFO	Listening on port 51505
1631496797780	Marionette	WARN	TLS certificate errors will be ignored for this session
JavaScript warning: https://webresource.c-ctrip.com/ares2/vacation/vacation-home/1.7.3/default/js/vendor-3e1c37.js, line 1: unreachable code after return statement
JavaScript warning: https://webresource.c-ctrip.com/ares2/vacation/vacation-home/1.7.3/default/js/vendor-3e1c37.js, line 1: unreachable code after return statement
JavaScript warning: https://webresource.c-ctrip.com/ares2/vacation/vacation-tour/1.10.3/default/js/vendor-08638e.js, line 1: unreachable code after return statement
JavaScript warning: https://webresource.c-ctrip.com/ares2/vacation/vacation-tour/1.10.3/default/js/vendor-08638e.js, line 1: unreachable code after return statement
SourceActor threw an exception: [Exception... "Component returned failure code: 0x80470002 (NS_BASE_STREAM_CLOSED) [nsIInputStream.available]"  nsresult: "0x80470002 (NS_BASE_STREAM_CLOSED)"  location: "JS frame :: resource://devtools/shared/DevToolsUtils.js :: onResponse :: line 567"  data: no]
Stack: onResponse@resource://devtools/shared/DevToolsUtils.js:567:34
onStopRequest@resource://gre/modules/NetUtil.jsm:128:18
Line: 567, column: 0
console.error: ({})
JavaScript error: resource://devtools/shared/DevToolsUtils.js, line 567: NS_BASE_STREAM_CLOSED: Component returned failure code: 0x80470002 (NS_BASE_STREAM_CLOSED) [nsIInputStream.available]
SourceActor threw an exception: [Exception... "Component returned failure code: 0x80470002 (NS_BASE_STREAM_CLOSED) [nsIInputStream.available]"  nsresult: "0x80470002 (NS_BASE_STREAM_CLOSED)"  location: "JS frame :: resource://devtools/shared/DevToolsUtils.js :: onResponse :: line 567"  data: no]
Stack: onResponse@resource://devtools/shared/DevToolsUtils.js:567:34
onStopRequest@resource://gre/modules/NetUtil.jsm:128:18
Line: 567, column: 0
console.error: ({})
JavaScript error: resource://devtools/shared/DevToolsUtils.js, line 567: NS_BASE_STREAM_CLOSED: Component returned failure code: 0x80470002 (NS_BASE_STREAM_CLOSED) [nsIInputStream.available]
SourceActor threw an exception: [Exception... "Component returned failure code: 0x80470002 (NS_BASE_STREAM_CLOSED) [nsIInputStream.available]"  nsresult: "0x80470002 (NS_BASE_STREAM_CLOSED)"  location: "JS frame :: resource://devtools/shared/DevToolsUtils.js :: onResponse :: line 567"  data: no]
Stack: onResponse@resource://devtools/shared/DevToolsUtils.js:567:34
onStopRequest@resource://gre/modules/NetUtil.jsm:128:18
Line: 567, column: 0
console.error: ({})
JavaScript error: resource://devtools/shared/DevToolsUtils.js, line 567: NS_BASE_STREAM_CLOSED: Component returned failure code: 0x80470002 (NS_BASE_STREAM_CLOSED) [nsIInputStream.available]
[Child 24264, IPC I/O Child] WARNING: pipe error: 232: file /builds/worker/checkouts/gecko/ipc/chromium/src/chrome/common/ipc_channel_win.cc:544
[Child 24264, IPC I/O Child] WARNING: pipe error: 232: file /builds/worker/checkouts/gecko/ipc/chromium/src/chrome/common/ipc_channel_win.cc:544
1631497300463	Marionette	INFO	Stopped listening on port 51505

###!!! [Child][RunMessage] Error: Channel closing: too late to send/recv, messages will be lost

1631497405950	geckodriver	INFO	Listening on 127.0.0.1:51900
1631497408981	mozrunner::runner	INFO	Running command: "D:\\Program Files\\Firefox\\firefox.exe" "--marionette" "-foreground" "-no-remote" "-profile" "C:\\Users\\86131\\AppData\\Local\\Temp\\rust_mozprofileCY2WfQ"
1631497409324	Marionette	INFO	Marionette enabled
console.warn: SearchSettings: "get: No settings file exists, new profile?" (new NotFoundError("Could not open the file at C:\\Users\\86131\\AppData\\Local\\Temp\\rust_mozprofileCY2WfQ\\search.json.mozlz4", (void 0)))
1631497413840	Marionette	INFO	Listening on port 51909
1631497413872	Marionette	WARN	TLS certificate errors will be ignored for this session
SourceActor threw an exception: [Exception... "Component returned failure code: 0x80470002 (NS_BASE_STREAM_CLOSED) [nsIInputStream.available]"  nsresult: "0x80470002 (NS_BASE_STREAM_CLOSED)"  location: "JS frame :: resource://devtools/shared/DevToolsUtils.js :: onResponse :: line 567"  data: no]
Stack: onResponse@resource://devtools/shared/DevToolsUtils.js:567:34
onStopRequest@resource://gre/modules/NetUtil.jsm:128:18
Line: 567, column: 0
console.error: ({})
JavaScript error: resource://devtools/shared/DevToolsUtils.js, line 567: NS_BASE_STREAM_CLOSED: Component returned failure code: 0x80470002 (NS_BASE_STREAM_CLOSED) [nsIInputStream.available]
JavaScript error: resource://devtools/server/actors/network-monitor/network-event-actor.js, line 108: Error: Got a request https://webresource.ctrip.com/ResTrainOnline/R1/TrainBooking/CSS/cityUC.css without a browsingContextID set

###!!! [Child][MessageChannel] Error: (msgtype=0x590008,name=PHttpChannel::Msg_DeletingChannel) Channel closing: too late to send/recv, messages will be lost

1631497457406	Marionette	INFO	Stopped listening on port 51909

###!!! [Child][RunMessage] Error: Channel closing: too late to send/recv, messages will be lost

1631497460667	geckodriver	INFO	Listening on 127.0.0.1:52068
1631497463709	mozrunner::runner	INFO	Running command: "D:\\Program Files\\Firefox\\firefox.exe" "--marionette" "-foreground" "-no-remote" "-profile" "C:\\Users\\86131\\AppData\\Local\\Temp\\rust_mozprofileqFx3XO"
1631497464006	Marionette	INFO	Marionette enabled
console.warn: SearchSettings: "get: No settings file exists, new profile?" (new NotFoundError("Could not open the file at C:\\Users\\86131\\AppData\\Local\\Temp\\rust_mozprofileqFx3XO\\search.json.mozlz4", (void 0)))
1631497468219	Marionette	INFO	Listening on port 52077
1631497468528	Marionette	WARN	TLS certificate errors will be ignored for this session
SourceActor threw an exception: [Exception... "Component returned failure code: 0x80470002 (NS_BASE_STREAM_CLOSED) [nsIInputStream.available]"  nsresult: "0x80470002 (NS_BASE_STREAM_CLOSED)"  location: "JS frame :: resource://devtools/shared/DevToolsUtils.js :: onResponse :: line 567"  data: no]
Stack: onResponse@resource://devtools/shared/DevToolsUtils.js:567:34
onStopRequest@resource://gre/modules/NetUtil.jsm:128:18
Line: 567, column: 0
console.error: ({})
JavaScript error: resource://devtools/shared/DevToolsUtils.js, line 567: NS_BASE_STREAM_CLOSED: Component returned failure code: 0x80470002 (NS_BASE_STREAM_CLOSED) [nsIInputStream.available]
JavaScript error: resource://devtools/server/actors/network-monitor/network-event-actor.js, line 108: Error: Got a request https://webresource.ctrip.com/ResTrainOnline/R1/TrainBooking/CSS/cityUC.css without a browsingContextID set
console.warn: "Inspector destroyed while executing onReflow 1631497549153	mozrunner::runner	INFO	Running command: "D:\\Program Files\\Firefox\\firefox.exe" "--marionette" "-foreground" "-no-remote" "-profile" "C:\\Users\\86131\\AppData\\Local\\Temp\\rust_mozprofiledYTVUL"
1631497549441	Marionette	INFO	Marionette enabled
console.warn: SearchSettings: "get: No settings file exists, new profile?" (new NotFoundError("Could not open the file at C:\\Users\\86131\\AppData\\Local\\Temp\\rust_mozprofiledYTVUL\\search.json.mozlz4", (void 0)))
1631497553849	Marionette	INFO	Listening on port 52270
1631497553973	Marionette	WARN	TLS certificate errors will be ignored for this session
[Child 10704, IPC I/O Child] WARNING: pipe error: 232: file /builds/worker/checkouts/gecko/ipc/chromium/src/chrome/common/ipc_channel_win.cc:544
1631497659420	Marionette	INFO	Stopped listening on port 52270

###!!! [Child][RunMessage] Error: Channel closing: too late to send/recv, messages will be lost

tte enabled
console.warn: SearchSettings: "get: No settings file exists, new profile?" (new NotFoundError("Could not open the file at C:\\Users\\86131\\AppData\\Local\\Temp\\rust_mozprofile7g6PiI\\search.json.mozlz4", (void 0)))
1631497605826	Marionette	INFO	Listening on port 52436
1631497606149	Marionette	WARN	TLS certificate errors will be ignored for this session
1631497657220	Marionette	INFO	Stopped listening on port 52436
1631497658764	geckodriver	INFO	Listening on 127.0.0.1:52605
1631497661784	mozrunner::runner	INFO	Running command: "D:\\Program Files\\Firefox\\firefox.exe" "--marionette" "-foreground" "-no-remote" "-profile" "C:\\Users\\86131\\AppData\\Local\\Temp\\rust_mozprofileFEwphb"
1631497662141	Marionette	INFO	Marionette enabled
console.warn: SearchSettings: "get: No settings file exists, new profile?" (new NotFoundError("Could not open the file at C:\\Users\\86131\\AppData\\Local\\Temp\\rust_mozprofileFEwphb\\search.json.mozlz4", (void 0)))
1631497666323	Marionette	INFO	Listening on port 52614
1631497666618	Marionette	WARN	TLS certificate errors will be ignored for this session
1631497850988	Marionette	INFO	Stopped listening on port 52614

###!!! [Child][RunMessage] Error: Channel closing: too late to send/recv, messages will be lost

nette" "-foreground" "-no-remote" "-profile" "C:\\Users\\86131\\AppData\\Local\\Temp\\rust_mozprofilemBfh3Q"
1631497707730	Marionette	INFO	Marionette enabled
1631497708531	geckodriver	INFO	Listening on 127.0.0.1:52791
1631497711563	mozrunner::runner	INFO	Running command: "D:\\Program Files\\Firefox\\firefox.exe" "--marionette" "-foreground" "-no-remote" "-profile" "C:\\Users\\86131\\AppData\\Local\\Temp\\rust_mozprofilejtsVsH"
1631497711833	Marionette	INFO	Marionette enabled
console.warn: SearchSettings: "get: No settings file exists, new profile?" (new NotFoundError("Could not open the file at C:\\Users\\86131\\AppData\\Local\\Temp\\rust_mozprofilejtsVsH\\search.json.mozlz4", (void 0)))
1631497716186	Marionette	INFO	Listening on port 52799
1631497716399	Marionette	WARN	TLS certificate errors will be ignored for this session
SourceActor threw an exception: [Exception... "Component returned failure code: 0x80470002 (NS_BASE_STREAM_CLOSED) [nsIInputStream.available]"  nsresult: "0x80470002 (NS_BASE_STREAM_CLOSED)"  location: "JS frame :: resource://devtools/shared/DevToolsUtils.js :: onResponse :: line 567"  data: no]
Stack: onResponse@resource://devtools/shared/DevToolsUtils.js:567:34
onStopRequest@resource://gre/modules/NetUtil.jsm:128:18
Line: 567, column: 0
console.error: ({})
JavaScript error: resource://devtools/shared/DevToolsUtils.js, line 567: NS_BASE_STREAM_CLOSED: Component returned failure code: 0x80470002 (NS_BASE_STREAM_CLOSED) [nsIInputStream.available]
JavaScript error: resource://devtools/server/actors/network-monitor/network-event-actor.js, line 108: Error: Got a request https://webresource.ctrip.com/ResTrainOnline/R1/TrainBooking/CSS/cityUC.css without a browsingContextID set
console.warn: "Inspector destroyed while executing onReflow callback"
1631497849968	Marionette	INFO	Stopped listening on port 52799

###!!! [Child][RunMessage] Error: Channel closing: too late to send/recv, messages will be lost

\\Local\\Temp\\rust_mozprofileU2s5SS"
1631497799535	Marionette	INFO	Marionette enabled
console.warn: SearchSettings: "get: No settings file exists, new profile?" (new NotFoundError("Could not open the file at C:\\Users\\86131\\AppData\\Local\\Temp\\rust_mozprofileU2s5SS\\search.json.mozlz4", (void 0)))
1631497803883	Marionette	INFO	Listening on port 53009
1631497804046	Marionette	WARN	TLS certificate errors will be ignored for this session
JavaScript error: resource://devtools/server/actors/network-monitor/network-event-actor.js, line 108: Error: Got a request https://webresource.ctrip.com/ResTrainOnline/R1/TrainBooking/CSS/cityUC.css without a browsingContextID set
SourceActor threw an exception: [Exception... "Component returned failure code: 0x80470002 (NS_BASE_STREAM_CLOSED) [nsIInputStream.available]"  nsresult: "0x80470002 (NS_BASE_STREAM_CLOSED)"  location: "JS frame :: resource://devtools/shared/DevToolsUtils.js :: onResponse :: line 567"  data: no]
Stack: onResponse@resource://devtools/shared/DevToolsUtils.js:567:34
onStopRequest@resource://gre/modules/NetUtil.jsm:128:18
Line: 567, column: 0
console.error: ({})
JavaScript error: resource://devtools/shared/DevToolsUtils.js, line 567: NS_BASE_STREAM_CLOSED: Component returned failure code: 0x80470002 (NS_BASE_STREAM_CLOSED) [nsIInputStream.available]
1631497846797	Marionette	INFO	Stopped listening on port 53009

###!!! [Child][RunMessage] Error: Channel closing: too late to send/recv, messages will be lost

1631497854153	geckodriver	INFO	Listening on 127.0.0.1:53186
1631497857181	mozrunner::runner	INFO	Running command: "D:\\Program Files\\Firefox\\firefox.exe" "--marionette" "-foreground" "-no-remote" "-profile" "C:\\Users\\86131\\AppData\\Local\\Temp\\rust_mozprofilerj3xeV"
1631497857490	Marionette	INFO	Marionette enabled
console.warn: SearchSettings: "get: No settings file exists, new profile?" (new NotFoundError("Could not open the file at C:\\Users\\86131\\AppData\\Local\\Temp\\rust_mozprofilerj3xeV\\search.json.mozlz4", (void 0)))
1631497861951	Marionette	INFO	Listening on port 53197
1631497862019	Marionette	WARN	TLS certificate errors will be ignored for this session
1631497886301	Marionette	INFO	Stopped listening on port 53191631497888842	mozrunner::runner	INFO	Running command: "D:\\Program Files\\Firefox\\firefox.exe" "--marionette" "-foreground" "-no-remote" "-profile" "C:\\Users\\86131\\AppData\\Local\\Temp\\rust_mozprofileSjc60H"
1631497889141	Marionette	INFO	Marionette enabled
console.warn: SearchSettings: "get: No settings file exists, new profile?" (new NotFoundError("Could not open the file at C:\\Users\\86131\\AppData\\Local\\Temp\\rust_mozprofileSjc60H\\search.json.mozlz4", (void 0)))
1631497893412	Marionette	INFO	Listening on port 53332
1631497893702	Marionette	WARN	TLS certificate errors will be ignored for this session

###!!! [Child][MessageChannel] Error: (msgtype=0x590008,name=PHttpChannel::Msg_DeletingChannel) Channel closing: too late to send/recv, messages will be lost

1631497920999	Marionette	INFO	Stopped listening on port 53332

###!!! [Child][RunMessage] Error: Channel closing: too late to send/recv, messages will be lost

1631497922323	geckodriver	INFO	Listening on 127.0.0.1:53464
1631497925394	mozrunner::runner	INFO	Running command: "D:\\Program Files\\Firefox\\firefox.exe" "--marionette" "-foreground" "-no-remote" "-profile" "C:\\Users\\86131\\AppData\\Local\\Temp\\rust_mozprofileGVGuG8"
1631497925723	Marionette	INFO	Marionette enabled
console.warn: SearchSettings: "get: No settings file exists, new profile?" (new NotFoundError("Could not open the file at C:\\Users\\86131\\AppData\\Local\\Temp\\rust_mozprofileGVGuG8\\search.json.mozlz4", (void 0)))
1631497930167	Marionette	INFO	Listening on port 53473
1631497930221	Marionette	WARN	TLS certificate errors will be ignored for this session

###!!! [Child][MessageChannel] Error: (msgtype=0x390147,name=PContent::Msg_AsyncMessage) Channel closing: too late to send/recv, messages will be lost

JavaScript warning: https://webresource.c-ctrip.com/ares2/vacation/vacation-home/1.7.3/default/js/vendor-3e1c37.js, line 1: unreachable code after return statement
JavaScript warning: https://webresource.c-ctrip.com/ares2/vacation/vacation-home/1.7.3/default/js/vendor-3e1c37.js, line 1: unreachable code after return statement
JavaScript warning: https://webresource.c-ctrip.com/ares2/vacation/vacation-home/1.7.3/default/js/vendor-3e1c37.js, line 1: unreachable code after return statement
JavaScript warning: https://webresource.c-ctrip.com/ares2/vacation/vacation-home/1.7.3/default/js/vendor-3e1c37.js, line 1: unreachable code after return statement
SourceActor threw an exception: [Exception... "Component returned failure code: 0x80470002 (NS_BASE_STREAM_CLOSED) [nsIInputStream.available]"  nsresult: "0x80470002 (NS_BASE_STREAM_CLOSED)"  location: "JS frame :: resource://devtools/shared/DevToolsUtils.js :: onResponse :: line 567"  data: no]
Stack: onResponse@resource://devtools/shared/DevToolsUtils.js:567:34
onStopRequest@resource://gre/modules/NetUtil.jsm:128:18
Line: 567, column: 0
console.error: ({})
JavaScript error: resource://devtools/shared/DevToolsUtils.js, line 567: NS_BASE_STREAM_CLOSED: Component returned failure code: 0x80470002 (NS_BASE_STREAM_CLOSED) [nsIInputStream.available]
JavaScript warning: https://webresource.c-ctrip.com/code/ubt/fp-em9.js, line 0: asm.js type error: Disabled by lack of compiler support
console.warn: LoginRecipes: "getRecipes: falling back to a synchronous message for:" "https://xui.ptlogin2.qq.com"
JavaScript error: resource://devtools/server/actors/network-monitor/network-event-actor.js, line 108: Error: Got a request https://qq-web-legacy.cdn-go.cn/any.ptlogin2.qq.com/v1.5.2/ptlogin/v4/style/theme/theme_2.css without a browsingContextID set

###!!! [Child][MessageChannel] Error: (msgtype=0x590008,name=PHttpChannel::Msg_DeletingChannel) Channel closing: too late to send/recv, messages will be lost

1631498303246	Mar
###!!! [Child][MessageChannel] Error: (msgtype=0x590008,name=PHttpChannel::Msg_DeletingChannel) Channel closing: too late to send/recv, messages will be lost

1631498305399	Marionette	INFO	Stopped listening on port 53708

###!!! [Child][RunMessage] Error: Channel closing: too late to send/recv, messages will be lost

ole.warn: SearchSettings: "get: No settings file exists, new profile?" (new NotFoundError("Could not open the file at C:\\Users\\86131\\AppData\\Local\\Temp\\rust_mozprofilexH93wl\\search.json.mozlz4", (void 0)))
1631498144027	Marionette	INFO	Listening on port 53880
1631498144288	Marionette	WARN	TLS certificate errors will be ignored for this session
JavaScript warning: https://webresource.c-ctrip.com/ares2/vacation/vacation-home/1.7.3/default/js/vendor-3e1c37.js, line 1: unreachable code after return statement
JavaScript warning: https://webresource.c-ctrip.com/ares2/vacation/vacation-home/1.7.3/default/js/vendor-3e1c37.js, line 1: unreachable code after return statement
JavaScript warning: https://webresource.c-ctrip.com/code/ubt/fp-em9.js, line 115: asm.js type error: arguments to a comparison must both be signed, unsigned, floats or doubles; double and fixnum are given
console.warn: LoginRecipes: "getRecipes: falling back to a synchronous message for:" "https://xui.ptlogin2.qq.com"
1631498384534	Marionette	INFO	Stopped listening on port 53880

###!!! [Child][RunMessage] Error: Channel closing: too late to send/recv, messages will be lost

1631498386228	geckodriver	INFO	Listening on 127.0.0.1:54234
1631498389286	mozrunner::runner	INFO	Running command: "D:\\Program Files\\Firefox\\firefox.exe" "--marionette" "-foreground" "-no-remote" "-profile" "C:\\Users\\86131\\AppData\\Local\\Temp\\rust_mozprofilebQ8c1N"
1631498389603	Marionette	INFO	Marionette enabled
console.warn: SearchSettings: "get: No settings file exists, new profile?" (new NotFoundError("Could not open the file at C:\\Users\\86131\\AppData\\Local\\Temp\\rust_mozprofilebQ8c1N\\search.json.mozlz4", (void 0)))
1631498392060	Marionette	INFO	Listening on port 54246
1631498392488	Marionette	WARN	TLS certificate errors will be ignored for this session
JavaScript warning: https://webresource.c-ctrip.com/code/ubt/fp-em9.js, line 115: asm.js type error: arguments to a comparison must both be signed, unsigned, floats or doubles; double and fixnum are given
SourceActor threw an exception: [Exception... "Component returned failure code: 0x80470002 (NS_BASE_STREAM_CLOSED) [nsIInputStream.available]"  nsresult: "0x80470002 (NS_BASE_STREAM_CLOSED)"  location: "JS frame :: resource://devtools/shared/DevToolsUtils.js :: onResponse :: line 567"  data: no]
Stack: onResponse@resource://devtools/shared/DevToolsUtils.js:567:34
onStopRequest@resource://gre/modules/NetUtil.jsm:128:18
Line: 567, column: 0
console.error: ({})
JavaScript error: resource://devtools/shared/DevToolsUtils.js, line 567: NS_BASE_STREAM_CLOSED: Component returned failure code: 0x80470002 (NS_BASE_STREAM_CLOSED) [nsIInputStream.available]
JavaScript error: resource://devtools/server/actors/network-monitor/network-event-actor.js, line 108: Error: Got a request https://webresource.ctrip.com/ResTrainOnline/R1/TrainBooking/CSS/cityUC.css without a browsingContextID seconsole.log: WebExtensions: reset-default-search: starting.
console.log: WebExtensions: reset-default-search: No addons in our list are installed.
1631499011948	Marionette	INFO	Stopped listening on port 54423

###!!! [Child][RunMessage] Error: Channel closing: too late to send/recv, messages will be lost



 enabled
console.warn: SearchSettings: "get: No settings file exists, new profile?" (new NotFoundError("Could not open the file at C:\\Users\\86131\\AppData\\Local\\Temp\\rust_mozprofileqYu3iq\\search.json.mozlz4", (void 0)))
1631498790247	Marionette	INFO	Listening on port 54823
1631498790360	Marionette	WARN	TLS certificate errors will be ignored for this session
JavaScript warning: https://webresource.c-ctrip.com/ares2/vacation/vacation-home/1.7.3/default/js/vendor-3e1c37.js, line 1: unreachable code after return statement
JavaScript warning: https://webresource.c-ctrip.com/ares2/vacation/vacation-home/1.7.3/default/js/vendor-3e1c37.js, line 1: unreachable code after return statement
JavaScript warning: https://webresource.c-ctrip.com/ares2/vacation/vacation-tour/1.10.3/default/js/vendor-08638e.js, line 1: unreachable code after return statement
JavaScript warning: https://webresource.c-ctrip.com/ares2/vacation/vacation-tour/1.10.3/default/js/vendor-08638e.js, line 1: unreachable code after return statement
SourceActor threw an exception: [Exception... "Component returned failure code: 0x80470002 (NS_BASE_STREAM_CLOSED) [nsIInputStream.available]"  nsresult: "0x80470002 (NS_BASE_STREAM_CLOSED)"  location: "JS frame :: resource://devtools/shared/DevToolsUtils.js :: onResponse :: line 567"  data: no]
Stack: onResponse@resource://devtools/shared/DevToolsUtils.js:567:34
onStopRequest@resource://gre/modules/NetUtil.jsm:128:18
Line: 567, column: 0
console.error: ({})
JavaScript error: resource://devtools/shared/DevToolsUtils.js, line 567: NS_BASE_STREAM_CLOSED: Component returned failure code: 0x80470002 (NS_BASE_STREAM_CLOSED) [nsIInputStream.available]
JavaScript error: resource://devtools/shared/protocol/Front.js, line 103: Error: Connection closed, pending request to server0.conn0.child4/domnode75, type setNodeValue failed

Request stack:
request@resource://devtools/shared/protocol/Front.js:292:14
generateRequestMethods/</frontProto[name]@resource://devtools/shared/protocol/Front/FrontClassWithSpec.js:46:19
showTextEditor/done/</<@resource://devtools/client/inspector/markup/views/text-editor.js:101:25
do@resource://devtools/client/shared/undo.js:70:16
endBatch@resource://devtools/client/shared/undo.js:81:11
do@resource://devtools/client/shared/undo.js:93:10
showTextEditor/done/<@resource://devtools/client/inspector/markup/views/text-editor.js:99:31
process@resource://gre/modules/Promise-backend.js:961:38
walkerLoop@resource://gre/modules/Promise-backend.js:845:29
Promise*scheduleWalkerLoop@resource://gre/modules/Promise-backend.js:775:19
schedulePromise@resource://gre/modules/Promise-backend.js:809:12
completePromise@resource://gre/modules/Promise-backend.js:741:12

1631499009899	Marionette	INFO	Stopped listening on port 54823

###!!! [Child][RunMessage] Error: Channel closing: too late to send/recv, messages will be lost

